<?xml version="1.0" encoding="UTF-8"?>
<testsuite name="DecodingTest" tests="1" skipped="0" failures="0" errors="0" timestamp="2022-04-25T09:25:48" hostname="rachael-ThinkPad-Yoga-11e" time="0.087">
  <properties/>
  <testcase name="dicipherWord_returnsOriginalWord_RACHEL()" classname="DecodingTest" time="0.087"/>
  <system-out><![CDATA[]]></system-out>
  <system-err><![CDATA[]]></system-err>
</testsuite>
